<?xml version="1.0" encoding="UTF-8"?>
<testng-results skipped="0" failed="0" total="1" passed="1">
  <reporter-output>
  </reporter-output>
  <suite name="Suite" duration-ms="23260" started-at="2018-10-04T08:55:18Z" finished-at="2018-10-04T08:55:41Z">
    <groups>
    </groups>
    <test name="Test" duration-ms="23260" started-at="2018-10-04T08:55:18Z" finished-at="2018-10-04T08:55:41Z">
      <class name="testset1.loginTests">
        <test-method status="PASS" signature="beforeTest()[pri:0, instance:testset1.loginTests@1081592]" name="beforeTest" is-config="true" duration-ms="8606" started-at="2018-10-04T14:25:18Z" finished-at="2018-10-04T14:25:26Z">
          <reporter-output>
          </reporter-output>
        </test-method> <!-- beforeTest -->
        <test-method status="PASS" signature="testEasy()[pri:0, instance:testset1.loginTests@1081592]" name="testEasy" duration-ms="13220" started-at="2018-10-04T14:25:26Z" finished-at="2018-10-04T14:25:40Z">
          <reporter-output>
          </reporter-output>
        </test-method> <!-- testEasy -->
        <test-method status="PASS" signature="afterTest()[pri:0, instance:testset1.loginTests@1081592]" name="afterTest" is-config="true" duration-ms="1420" started-at="2018-10-04T14:25:40Z" finished-at="2018-10-04T14:25:41Z">
          <reporter-output>
          </reporter-output>
        </test-method> <!-- afterTest -->
      </class> <!-- testset1.loginTests -->
    </test> <!-- Test -->
  </suite> <!-- Suite -->
</testng-results>
